<?xml version="1.0" encoding="UTF-8"?>
<!-- Generated by org.testng.reporters.JUnitReportReporter -->
<testsuite hostname="DESKTOP-DR9DKED" name="com.automation.keyworddriven.scropts.VerifyLoginPage" tests="1" failures="0" timestamp="27 Nov 2020 05:44:17 GMT" time="88.362" errors="0">
  <testcase name="checkvalidateuser" time="88.362" classname="com.automation.keyworddriven.scropts.VerifyLoginPage"/>
</testsuite> <!-- com.automation.keyworddriven.scropts.VerifyLoginPage -->
